<?xml version="1.0" encoding="UTF-8"?>
<testsuites name="Data Driven Test Suite" time="5" tests="2" failures="0" errors="0">
   <testsuite name="Data Driven Test Suite" tests="2" failures="0" errors="0" time="5" timestamp="2019-04-14 20:58:15" hostname="BappY - Toruk-Macto" id="Test Suites/Data Driven Test Suite">
      <properties>
         <property name="deviceName" value=""/>
         <property name="devicePlatform" value=""/>
         <property name="logFolder" value="C:\\Users\\BappY\\Katalon Studio\\Sample REST API Testing Project\\Reports\\Data Driven Test Suite\\20190414_205807"/>
         <property name="logFiles" value="C:\\Users\\BappY\\Katalon Studio\\Sample REST API Testing Project\\Reports\\Data Driven Test Suite\\20190414_205807\\execution0.log"/>
         <property name="attachments" value=""/>
         <property name="hostName" value="BappY - Toruk-Macto"/>
         <property name="hostAddress" value="10.244.50.2"/>
         <property name="os" value="Windows 10 64bit"/>
         <property name="katalonVersion" value="6.0.4.7"/>
      </properties>
      <testcase name="Test Cases/REST Data Driven Test" classname="Test Cases/REST Data Driven Test" status="PASSED">
         <system-out><![CDATA[2019-04-14 20:58:15 - [TEST_CASE][PASSED] - Test Cases/REST Data Driven Test: Test Cases/REST Data Driven Test

2019-04-14 20:58:15 - [TEST_STEP][PASSED] - println("User Namee Found In variables : " + userName): null

2019-04-14 20:58:15 - [TEST_STEP][PASSED] - sendRequest(findTestObject("REST Web Services API/CreateUsers", ["UserName":userName])): Send request successfully

2019-04-14 20:58:19 - [MESSAGE][INFO] - HAR: C:\Users\BappY\Katalon Studio\Sample REST API Testing Project\Reports\Data Driven Test Suite\20190414_205807\requests\main\0.har

2019-04-14 20:58:19 - [MESSAGE][PASSED] - Send request successfully]]></system-out>
         <system-err><![CDATA[]]></system-err>
      </testcase>
      <testcase name="Test Cases/REST Data Driven Test" classname="Test Cases/REST Data Driven Test" status="PASSED">
         <system-out><![CDATA[2019-04-14 20:58:19 - [TEST_CASE][PASSED] - Test Cases/REST Data Driven Test: Test Cases/REST Data Driven Test

2019-04-14 20:58:19 - [TEST_STEP][PASSED] - println("User Namee Found In variables : " + userName): null

2019-04-14 20:58:19 - [TEST_STEP][PASSED] - sendRequest(findTestObject("REST Web Services API/CreateUsers", ["UserName":userName])): Send request successfully

2019-04-14 20:58:20 - [MESSAGE][INFO] - HAR: C:\Users\BappY\Katalon Studio\Sample REST API Testing Project\Reports\Data Driven Test Suite\20190414_205807\requests\main\1.har

2019-04-14 20:58:20 - [MESSAGE][PASSED] - Send request successfully]]></system-out>
         <system-err><![CDATA[]]></system-err>
      </testcase>
      <system-out><![CDATA[2019-04-14 20:58:15 - [TEST_SUITE][PASSED] - Data Driven Test Suite: Test Cases/REST Data Driven Test]]></system-out>
      <system-err><![CDATA[]]></system-err>
   </testsuite>
</testsuites>
